[2026-03-04 14:12:05] [INFO] Exiting...
[2026-03-04 14:12:45] [INFO] Exiting...
[2026-06-14 15:40:34] [ERROR] This script must be run with sudo.
[2026-06-14 15:41:21] [WARN] kitty is already installed.
[2026-06-14 15:42:02] [WARN] Invalid option: clear
[2026-06-14 15:42:40] [WARN] Obsidian is already installed.
[2026-06-14 15:42:52] [INFO] Exiting...
[2026-07-06 16:53:41] [ERROR] This script must be run with sudo.
[2026-07-06 16:53:50] [INFO] Detected distro: debian
[2026-07-06 17:07:17] [INFO] Exiting...
[2026-07-06 17:07:19] [INFO] Detected distro: debian
[2026-07-06 17:07:38] [INFO] Starting installation...
[2026-07-06 17:07:38] [INFO] Installing missing prerequisites: jq
[2026-07-06 17:08:02] [INFO] Updating package lists and upgrading system...
[2026-07-06 17:17:56] [INFO] Detected distro: debian
[2026-07-06 17:20:33] [INFO] Exiting...
[2026-07-06 17:21:14] [SUCCESS] System is up to date.
[2026-07-06 17:21:14] [INFO] --- Installing All Browsers ---
[2026-07-06 17:21:14] [WARN] Brave is already installed.
[2026-07-06 17:21:14] [INFO] Installing Google Chrome...
